This file contains any messages produced by compilers while
running configure, to aid debugging if configure makes a mistake.

It was created by adb configure 4.2, which was
generated by GNU Autoconf 2.67.  Invocation command line was

  $ ./configure --no-create --no-recursion

## --------- ##
## Platform. ##
## --------- ##

hostname = zhang-debian
uname -m = x86_64
uname -r = 3.2.0-0.bpo.4-amd64
uname -s = Linux
uname -v = #1 SMP Debian 3.2.39-2~bpo60+1

/usr/bin/uname -p = unknown
/bin/uname -X     = unknown

/bin/arch              = unknown
/usr/bin/arch -k       = unknown
/usr/convex/getsysinfo = unknown
/usr/bin/hostinfo      = unknown
/bin/machine           = unknown
/usr/bin/oslevel       = unknown
/bin/universe          = unknown

PATH: /home/zhangn1985/bin
PATH: /usr/local/bin
PATH: /usr/bin
PATH: /bin
PATH: /usr/local/games
PATH: /usr/games
PATH: /home/zhangn1985/bin
PATH: /opt/skyeye/bin
PATH: /home/zhangn1985/bin


## ----------- ##
## Core tests. ##
## ----------- ##

configure:2395: checking for a BSD-compatible install
configure:2463: result: /usr/bin/install -c
configure:2474: checking whether build environment is sane
configure:2524: result: yes
configure:2665: checking for a thread-safe mkdir -p
configure:2704: result: /bin/mkdir -p
configure:2717: checking for gawk
configure:2747: result: no
configure:2717: checking for mawk
configure:2733: found /usr/bin/mawk
configure:2744: result: mawk
configure:2755: checking whether make sets $(MAKE)
configure:2777: result: yes
configure:2906: checking for gcc
configure:2922: found /usr/bin/gcc
configure:2933: result: gcc
configure:3162: checking for C compiler version
configure:3171: gcc --version >&5
gcc (Debian 4.4.5-8) 4.4.5
Copyright (C) 2010 Free Software Foundation, Inc.
This is free software; see the source for copying conditions.  There is NO
warranty; not even for MERCHANTABILITY or FITNESS FOR A PARTICULAR PURPOSE.

configure:3182: $? = 0
configure:3171: gcc -v >&5
Using built-in specs.
Target: x86_64-linux-gnu
Configured with: ../src/configure -v --with-pkgversion='Debian 4.4.5-8' --with-bugurl=file:///usr/share/doc/gcc-4.4/README.Bugs --enable-languages=c,c++,fortran,objc,obj-c++ --prefix=/usr --program-suffix=-4.4 --enable-shared --enable-multiarch --enable-linker-build-id --with-system-zlib --libexecdir=/usr/lib --without-included-gettext --enable-threads=posix --with-gxx-include-dir=/usr/include/c++/4.4 --libdir=/usr/lib --enable-nls --enable-clocale=gnu --enable-libstdcxx-debug --enable-objc-gc --with-arch-32=i586 --with-tune=generic --enable-checking=release --build=x86_64-linux-gnu --host=x86_64-linux-gnu --target=x86_64-linux-gnu
Thread model: posix
gcc version 4.4.5 (Debian 4.4.5-8) 
configure:3182: $? = 0
configure:3171: gcc -V >&5
gcc: '-V' option must have argument
configure:3182: $? = 1
configure:3171: gcc -qversion >&5
gcc: unrecognized option '-qversion'
gcc: no input files
configure:3182: $? = 1
configure:3202: checking whether the C compiler works
configure:3224: gcc    conftest.c  >&5
configure:3228: $? = 0
configure:3276: result: yes
configure:3279: checking for C compiler default output file name
configure:3281: result: a.out
configure:3287: checking for suffix of executables
configure:3294: gcc -o conftest    conftest.c  >&5
configure:3298: $? = 0
configure:3320: result: 
configure:3342: checking whether we are cross compiling
configure:3350: gcc -o conftest    conftest.c  >&5
configure:3354: $? = 0
configure:3361: ./conftest
configure:3365: $? = 0
configure:3380: result: no
configure:3385: checking for suffix of object files
configure:3407: gcc -c   conftest.c >&5
configure:3411: $? = 0
configure:3432: result: o
configure:3436: checking whether we are using the GNU C compiler
configure:3455: gcc -c   conftest.c >&5
configure:3455: $? = 0
configure:3464: result: yes
configure:3473: checking whether gcc accepts -g
configure:3493: gcc -c -g  conftest.c >&5
configure:3493: $? = 0
configure:3534: result: yes
configure:3551: checking for gcc option to accept ISO C89
configure:3615: gcc  -c -g -O2  conftest.c >&5
configure:3615: $? = 0
configure:3628: result: none needed
configure:3659: checking for style of include used by make
configure:3687: result: GNU
configure:3712: checking dependency style of gcc
configure:3822: result: gcc3
configure:3880: checking for ranlib
configure:3896: found /usr/bin/ranlib
configure:3907: result: ranlib
configure:3932: checking for main in -lcrypto
configure:3951: gcc -o conftest -g -O2   conftest.c -lcrypto   >&5
configure:3951: $? = 0
configure:3960: result: yes
configure:3972: checking for main in -ldl
configure:3991: gcc -o conftest -g -O2   conftest.c -ldl  -lcrypto  >&5
configure:3991: $? = 0
configure:4000: result: yes
configure:4012: checking for main in -lpthread
configure:4031: gcc -o conftest -g -O2   conftest.c -lpthread  -ldl -lcrypto  >&5
configure:4031: $? = 0
configure:4040: result: yes
configure:4052: checking for main in -lrt
configure:4071: gcc -o conftest -g -O2   conftest.c -lrt  -lpthread -ldl -lcrypto  >&5
configure:4071: $? = 0
configure:4080: result: yes
configure:4092: checking for main in -lz
configure:4111: gcc -o conftest -g -O2   conftest.c -lz  -lrt -lpthread -ldl -lcrypto  >&5
configure:4111: $? = 0
configure:4120: result: yes
configure:4138: checking how to run the C preprocessor
configure:4169: gcc -E  conftest.c
configure:4169: $? = 0
configure:4183: gcc -E  conftest.c
conftest.c:16:28: error: ac_nonexistent.h: No such file or directory
configure:4183: $? = 1
configure: failed program was:
| /* confdefs.h */
| #define PACKAGE_NAME "adb"
| #define PACKAGE_TARNAME "adb"
| #define PACKAGE_VERSION "4.2"
| #define PACKAGE_STRING "adb 4.2"
| #define PACKAGE_BUGREPORT "zhangn1985@gmail.com"
| #define PACKAGE_URL ""
| #define PACKAGE "adb"
| #define VERSION "4.2"
| #define HAVE_LIBCRYPTO 1
| #define HAVE_LIBDL 1
| #define HAVE_LIBPTHREAD 1
| #define HAVE_LIBRT 1
| #define HAVE_LIBZ 1
| /* end confdefs.h.  */
| #include <ac_nonexistent.h>
configure:4208: result: gcc -E
configure:4228: gcc -E  conftest.c
configure:4228: $? = 0
configure:4242: gcc -E  conftest.c
conftest.c:16:28: error: ac_nonexistent.h: No such file or directory
configure:4242: $? = 1
configure: failed program was:
| /* confdefs.h */
| #define PACKAGE_NAME "adb"
| #define PACKAGE_TARNAME "adb"
| #define PACKAGE_VERSION "4.2"
| #define PACKAGE_STRING "adb 4.2"
| #define PACKAGE_BUGREPORT "zhangn1985@gmail.com"
| #define PACKAGE_URL ""
| #define PACKAGE "adb"
| #define VERSION "4.2"
| #define HAVE_LIBCRYPTO 1
| #define HAVE_LIBDL 1
| #define HAVE_LIBPTHREAD 1
| #define HAVE_LIBRT 1
| #define HAVE_LIBZ 1
| /* end confdefs.h.  */
| #include <ac_nonexistent.h>
configure:4271: checking for grep that handles long lines and -e
configure:4329: result: /bin/grep
configure:4334: checking for egrep
configure:4396: result: /bin/grep -E
configure:4401: checking for ANSI C header files
configure:4421: gcc -c -g -O2  conftest.c >&5
configure:4421: $? = 0
configure:4494: gcc -o conftest -g -O2   conftest.c -lz -lrt -lpthread -ldl -lcrypto  >&5
configure:4494: $? = 0
configure:4494: ./conftest
configure:4494: $? = 0
configure:4505: result: yes
configure:4518: checking for sys/types.h
configure:4518: gcc -c -g -O2  conftest.c >&5
configure:4518: $? = 0
configure:4518: result: yes
configure:4518: checking for sys/stat.h
configure:4518: gcc -c -g -O2  conftest.c >&5
configure:4518: $? = 0
configure:4518: result: yes
configure:4518: checking for stdlib.h
configure:4518: gcc -c -g -O2  conftest.c >&5
configure:4518: $? = 0
configure:4518: result: yes
configure:4518: checking for string.h
configure:4518: gcc -c -g -O2  conftest.c >&5
configure:4518: $? = 0
configure:4518: result: yes
configure:4518: checking for memory.h
configure:4518: gcc -c -g -O2  conftest.c >&5
configure:4518: $? = 0
configure:4518: result: yes
configure:4518: checking for strings.h
configure:4518: gcc -c -g -O2  conftest.c >&5
configure:4518: $? = 0
configure:4518: result: yes
configure:4518: checking for inttypes.h
configure:4518: gcc -c -g -O2  conftest.c >&5
configure:4518: $? = 0
configure:4518: result: yes
configure:4518: checking for stdint.h
configure:4518: gcc -c -g -O2  conftest.c >&5
configure:4518: $? = 0
configure:4518: result: yes
configure:4518: checking for unistd.h
configure:4518: gcc -c -g -O2  conftest.c >&5
configure:4518: $? = 0
configure:4518: result: yes
configure:4533: checking fcntl.h usability
configure:4533: gcc -c -g -O2  conftest.c >&5
configure:4533: $? = 0
configure:4533: result: yes
configure:4533: checking fcntl.h presence
configure:4533: gcc -E  conftest.c
configure:4533: $? = 0
configure:4533: result: yes
configure:4533: checking for fcntl.h
configure:4533: result: yes
configure:4533: checking for inttypes.h
configure:4533: result: yes
configure:4533: checking limits.h usability
configure:4533: gcc -c -g -O2  conftest.c >&5
configure:4533: $? = 0
configure:4533: result: yes
configure:4533: checking limits.h presence
configure:4533: gcc -E  conftest.c
configure:4533: $? = 0
configure:4533: result: yes
configure:4533: checking for limits.h
configure:4533: result: yes
configure:4533: checking netdb.h usability
configure:4533: gcc -c -g -O2  conftest.c >&5
configure:4533: $? = 0
configure:4533: result: yes
configure:4533: checking netdb.h presence
configure:4533: gcc -E  conftest.c
configure:4533: $? = 0
configure:4533: result: yes
configure:4533: checking for netdb.h
configure:4533: result: yes
configure:4533: checking netinet/in.h usability
configure:4533: gcc -c -g -O2  conftest.c >&5
configure:4533: $? = 0
configure:4533: result: yes
configure:4533: checking netinet/in.h presence
configure:4533: gcc -E  conftest.c
configure:4533: $? = 0
configure:4533: result: yes
configure:4533: checking for netinet/in.h
configure:4533: result: yes
configure:4533: checking stddef.h usability
configure:4533: gcc -c -g -O2  conftest.c >&5
configure:4533: $? = 0
configure:4533: result: yes
configure:4533: checking stddef.h presence
configure:4533: gcc -E  conftest.c
configure:4533: $? = 0
configure:4533: result: yes
configure:4533: checking for stddef.h
configure:4533: result: yes
configure:4533: checking for stdint.h
configure:4533: result: yes
configure:4533: checking for stdlib.h
configure:4533: result: yes
configure:4533: checking for string.h
configure:4533: result: yes
configure:4533: checking sys/ioctl.h usability
configure:4533: gcc -c -g -O2  conftest.c >&5
configure:4533: $? = 0
configure:4533: result: yes
configure:4533: checking sys/ioctl.h presence
configure:4533: gcc -E  conftest.c
configure:4533: $? = 0
configure:4533: result: yes
configure:4533: checking for sys/ioctl.h
configure:4533: result: yes
configure:4533: checking sys/mount.h usability
configure:4533: gcc -c -g -O2  conftest.c >&5
configure:4533: $? = 0
configure:4533: result: yes
configure:4533: checking sys/mount.h presence
configure:4533: gcc -E  conftest.c
configure:4533: $? = 0
configure:4533: result: yes
configure:4533: checking for sys/mount.h
configure:4533: result: yes
configure:4533: checking sys/socket.h usability
configure:4533: gcc -c -g -O2  conftest.c >&5
configure:4533: $? = 0
configure:4533: result: yes
configure:4533: checking sys/socket.h presence
configure:4533: gcc -E  conftest.c
configure:4533: $? = 0
configure:4533: result: yes
configure:4533: checking for sys/socket.h
configure:4533: result: yes
configure:4533: checking sys/time.h usability
configure:4533: gcc -c -g -O2  conftest.c >&5
configure:4533: $? = 0
configure:4533: result: yes
configure:4533: checking sys/time.h presence
configure:4533: gcc -E  conftest.c
configure:4533: $? = 0
configure:4533: result: yes
configure:4533: checking for sys/time.h
configure:4533: result: yes
configure:4533: checking termios.h usability
configure:4533: gcc -c -g -O2  conftest.c >&5
configure:4533: $? = 0
configure:4533: result: yes
configure:4533: checking termios.h presence
configure:4533: gcc -E  conftest.c
configure:4533: $? = 0
configure:4533: result: yes
configure:4533: checking for termios.h
configure:4533: result: yes
configure:4533: checking for unistd.h
configure:4533: result: yes
configure:4545: checking for stdbool.h that conforms to C99
configure:4630: gcc -c -g -O2  conftest.c >&5
configure:4630: $? = 0
configure:4637: result: yes
configure:4639: checking for _Bool
configure:4639: gcc -c -g -O2  conftest.c >&5
configure:4639: $? = 0
configure:4639: gcc -c -g -O2  conftest.c >&5
conftest.c: In function 'main':
conftest.c:77: error: expected expression before ')' token
configure:4639: $? = 1
configure: failed program was:
| /* confdefs.h */
| #define PACKAGE_NAME "adb"
| #define PACKAGE_TARNAME "adb"
| #define PACKAGE_VERSION "4.2"
| #define PACKAGE_STRING "adb 4.2"
| #define PACKAGE_BUGREPORT "zhangn1985@gmail.com"
| #define PACKAGE_URL ""
| #define PACKAGE "adb"
| #define VERSION "4.2"
| #define HAVE_LIBCRYPTO 1
| #define HAVE_LIBDL 1
| #define HAVE_LIBPTHREAD 1
| #define HAVE_LIBRT 1
| #define HAVE_LIBZ 1
| #define STDC_HEADERS 1
| #define HAVE_SYS_TYPES_H 1
| #define HAVE_SYS_STAT_H 1
| #define HAVE_STDLIB_H 1
| #define HAVE_STRING_H 1
| #define HAVE_MEMORY_H 1
| #define HAVE_STRINGS_H 1
| #define HAVE_INTTYPES_H 1
| #define HAVE_STDINT_H 1
| #define HAVE_UNISTD_H 1
| #define HAVE_FCNTL_H 1
| #define HAVE_INTTYPES_H 1
| #define HAVE_LIMITS_H 1
| #define HAVE_NETDB_H 1
| #define HAVE_NETINET_IN_H 1
| #define HAVE_STDDEF_H 1
| #define HAVE_STDINT_H 1
| #define HAVE_STDLIB_H 1
| #define HAVE_STRING_H 1
| #define HAVE_SYS_IOCTL_H 1
| #define HAVE_SYS_MOUNT_H 1
| #define HAVE_SYS_SOCKET_H 1
| #define HAVE_SYS_TIME_H 1
| #define HAVE_TERMIOS_H 1
| #define HAVE_UNISTD_H 1
| /* end confdefs.h.  */
| #include <stdio.h>
| #ifdef HAVE_SYS_TYPES_H
| # include <sys/types.h>
| #endif
| #ifdef HAVE_SYS_STAT_H
| # include <sys/stat.h>
| #endif
| #ifdef STDC_HEADERS
| # include <stdlib.h>
| # include <stddef.h>
| #else
| # ifdef HAVE_STDLIB_H
| #  include <stdlib.h>
| # endif
| #endif
| #ifdef HAVE_STRING_H
| # if !defined STDC_HEADERS && defined HAVE_MEMORY_H
| #  include <memory.h>
| # endif
| # include <string.h>
| #endif
| #ifdef HAVE_STRINGS_H
| # include <strings.h>
| #endif
| #ifdef HAVE_INTTYPES_H
| # include <inttypes.h>
| #endif
| #ifdef HAVE_STDINT_H
| # include <stdint.h>
| #endif
| #ifdef HAVE_UNISTD_H
| # include <unistd.h>
| #endif
| int
| main ()
| {
| if (sizeof ((_Bool)))
| 	    return 0;
|   ;
|   return 0;
| }
configure:4639: result: yes
configure:4655: checking for uid_t in sys/types.h
configure:4674: result: yes
configure:4685: checking for inline
configure:4701: gcc -c -g -O2  conftest.c >&5
configure:4701: $? = 0
configure:4709: result: inline
configure:4727: checking for int64_t
configure:4727: gcc -c -g -O2  conftest.c >&5
configure:4727: $? = 0
configure:4727: gcc -c -g -O2  conftest.c >&5
conftest.c: In function 'main':
conftest.c:81: warning: integer overflow in expression
conftest.c:81: error: size of array 'test_array' is negative
configure:4727: $? = 1
configure: failed program was:
| /* confdefs.h */
| #define PACKAGE_NAME "adb"
| #define PACKAGE_TARNAME "adb"
| #define PACKAGE_VERSION "4.2"
| #define PACKAGE_STRING "adb 4.2"
| #define PACKAGE_BUGREPORT "zhangn1985@gmail.com"
| #define PACKAGE_URL ""
| #define PACKAGE "adb"
| #define VERSION "4.2"
| #define HAVE_LIBCRYPTO 1
| #define HAVE_LIBDL 1
| #define HAVE_LIBPTHREAD 1
| #define HAVE_LIBRT 1
| #define HAVE_LIBZ 1
| #define STDC_HEADERS 1
| #define HAVE_SYS_TYPES_H 1
| #define HAVE_SYS_STAT_H 1
| #define HAVE_STDLIB_H 1
| #define HAVE_STRING_H 1
| #define HAVE_MEMORY_H 1
| #define HAVE_STRINGS_H 1
| #define HAVE_INTTYPES_H 1
| #define HAVE_STDINT_H 1
| #define HAVE_UNISTD_H 1
| #define HAVE_FCNTL_H 1
| #define HAVE_INTTYPES_H 1
| #define HAVE_LIMITS_H 1
| #define HAVE_NETDB_H 1
| #define HAVE_NETINET_IN_H 1
| #define HAVE_STDDEF_H 1
| #define HAVE_STDINT_H 1
| #define HAVE_STDLIB_H 1
| #define HAVE_STRING_H 1
| #define HAVE_SYS_IOCTL_H 1
| #define HAVE_SYS_MOUNT_H 1
| #define HAVE_SYS_SOCKET_H 1
| #define HAVE_SYS_TIME_H 1
| #define HAVE_TERMIOS_H 1
| #define HAVE_UNISTD_H 1
| #define HAVE__BOOL 1
| #define HAVE_STDBOOL_H 1
| /* end confdefs.h.  */
| #include <stdio.h>
| #ifdef HAVE_SYS_TYPES_H
| # include <sys/types.h>
| #endif
| #ifdef HAVE_SYS_STAT_H
| # include <sys/stat.h>
| #endif
| #ifdef STDC_HEADERS
| # include <stdlib.h>
| # include <stddef.h>
| #else
| # ifdef HAVE_STDLIB_H
| #  include <stdlib.h>
| # endif
| #endif
| #ifdef HAVE_STRING_H
| # if !defined STDC_HEADERS && defined HAVE_MEMORY_H
| #  include <memory.h>
| # endif
| # include <string.h>
| #endif
| #ifdef HAVE_STRINGS_H
| # include <strings.h>
| #endif
| #ifdef HAVE_INTTYPES_H
| # include <inttypes.h>
| #endif
| #ifdef HAVE_STDINT_H
| # include <stdint.h>
| #endif
| #ifdef HAVE_UNISTD_H
| # include <unistd.h>
| #endif
| 	        enum { N = 64 / 2 - 1 };
| int
| main ()
| {
| static int test_array [1 - 2 * !((int64_t) (((((int64_t) 1 << N) << N) - 1) * 2 + 1)
| 		 < (int64_t) (((((int64_t) 1 << N) << N) - 1) * 2 + 2))];
| test_array [0] = 0
| 
|   ;
|   return 0;
| }
configure:4727: result: yes
configure:4738: checking for mode_t
configure:4738: gcc -c -g -O2  conftest.c >&5
configure:4738: $? = 0
configure:4738: gcc -c -g -O2  conftest.c >&5
conftest.c: In function 'main':
conftest.c:79: error: expected expression before ')' token
configure:4738: $? = 1
configure: failed program was:
| /* confdefs.h */
| #define PACKAGE_NAME "adb"
| #define PACKAGE_TARNAME "adb"
| #define PACKAGE_VERSION "4.2"
| #define PACKAGE_STRING "adb 4.2"
| #define PACKAGE_BUGREPORT "zhangn1985@gmail.com"
| #define PACKAGE_URL ""
| #define PACKAGE "adb"
| #define VERSION "4.2"
| #define HAVE_LIBCRYPTO 1
| #define HAVE_LIBDL 1
| #define HAVE_LIBPTHREAD 1
| #define HAVE_LIBRT 1
| #define HAVE_LIBZ 1
| #define STDC_HEADERS 1
| #define HAVE_SYS_TYPES_H 1
| #define HAVE_SYS_STAT_H 1
| #define HAVE_STDLIB_H 1
| #define HAVE_STRING_H 1
| #define HAVE_MEMORY_H 1
| #define HAVE_STRINGS_H 1
| #define HAVE_INTTYPES_H 1
| #define HAVE_STDINT_H 1
| #define HAVE_UNISTD_H 1
| #define HAVE_FCNTL_H 1
| #define HAVE_INTTYPES_H 1
| #define HAVE_LIMITS_H 1
| #define HAVE_NETDB_H 1
| #define HAVE_NETINET_IN_H 1
| #define HAVE_STDDEF_H 1
| #define HAVE_STDINT_H 1
| #define HAVE_STDLIB_H 1
| #define HAVE_STRING_H 1
| #define HAVE_SYS_IOCTL_H 1
| #define HAVE_SYS_MOUNT_H 1
| #define HAVE_SYS_SOCKET_H 1
| #define HAVE_SYS_TIME_H 1
| #define HAVE_TERMIOS_H 1
| #define HAVE_UNISTD_H 1
| #define HAVE__BOOL 1
| #define HAVE_STDBOOL_H 1
| /* end confdefs.h.  */
| #include <stdio.h>
| #ifdef HAVE_SYS_TYPES_H
| # include <sys/types.h>
| #endif
| #ifdef HAVE_SYS_STAT_H
| # include <sys/stat.h>
| #endif
| #ifdef STDC_HEADERS
| # include <stdlib.h>
| # include <stddef.h>
| #else
| # ifdef HAVE_STDLIB_H
| #  include <stdlib.h>
| # endif
| #endif
| #ifdef HAVE_STRING_H
| # if !defined STDC_HEADERS && defined HAVE_MEMORY_H
| #  include <memory.h>
| # endif
| # include <string.h>
| #endif
| #ifdef HAVE_STRINGS_H
| # include <strings.h>
| #endif
| #ifdef HAVE_INTTYPES_H
| # include <inttypes.h>
| #endif
| #ifdef HAVE_STDINT_H
| # include <stdint.h>
| #endif
| #ifdef HAVE_UNISTD_H
| # include <unistd.h>
| #endif
| int
| main ()
| {
| if (sizeof ((mode_t)))
| 	    return 0;
|   ;
|   return 0;
| }
configure:4738: result: yes
configure:4749: checking for pid_t
configure:4749: gcc -c -g -O2  conftest.c >&5
configure:4749: $? = 0
configure:4749: gcc -c -g -O2  conftest.c >&5
conftest.c: In function 'main':
conftest.c:79: error: expected expression before ')' token
configure:4749: $? = 1
configure: failed program was:
| /* confdefs.h */
| #define PACKAGE_NAME "adb"
| #define PACKAGE_TARNAME "adb"
| #define PACKAGE_VERSION "4.2"
| #define PACKAGE_STRING "adb 4.2"
| #define PACKAGE_BUGREPORT "zhangn1985@gmail.com"
| #define PACKAGE_URL ""
| #define PACKAGE "adb"
| #define VERSION "4.2"
| #define HAVE_LIBCRYPTO 1
| #define HAVE_LIBDL 1
| #define HAVE_LIBPTHREAD 1
| #define HAVE_LIBRT 1
| #define HAVE_LIBZ 1
| #define STDC_HEADERS 1
| #define HAVE_SYS_TYPES_H 1
| #define HAVE_SYS_STAT_H 1
| #define HAVE_STDLIB_H 1
| #define HAVE_STRING_H 1
| #define HAVE_MEMORY_H 1
| #define HAVE_STRINGS_H 1
| #define HAVE_INTTYPES_H 1
| #define HAVE_STDINT_H 1
| #define HAVE_UNISTD_H 1
| #define HAVE_FCNTL_H 1
| #define HAVE_INTTYPES_H 1
| #define HAVE_LIMITS_H 1
| #define HAVE_NETDB_H 1
| #define HAVE_NETINET_IN_H 1
| #define HAVE_STDDEF_H 1
| #define HAVE_STDINT_H 1
| #define HAVE_STDLIB_H 1
| #define HAVE_STRING_H 1
| #define HAVE_SYS_IOCTL_H 1
| #define HAVE_SYS_MOUNT_H 1
| #define HAVE_SYS_SOCKET_H 1
| #define HAVE_SYS_TIME_H 1
| #define HAVE_TERMIOS_H 1
| #define HAVE_UNISTD_H 1
| #define HAVE__BOOL 1
| #define HAVE_STDBOOL_H 1
| /* end confdefs.h.  */
| #include <stdio.h>
| #ifdef HAVE_SYS_TYPES_H
| # include <sys/types.h>
| #endif
| #ifdef HAVE_SYS_STAT_H
| # include <sys/stat.h>
| #endif
| #ifdef STDC_HEADERS
| # include <stdlib.h>
| # include <stddef.h>
| #else
| # ifdef HAVE_STDLIB_H
| #  include <stdlib.h>
| # endif
| #endif
| #ifdef HAVE_STRING_H
| # if !defined STDC_HEADERS && defined HAVE_MEMORY_H
| #  include <memory.h>
| # endif
| # include <string.h>
| #endif
| #ifdef HAVE_STRINGS_H
| # include <strings.h>
| #endif
| #ifdef HAVE_INTTYPES_H
| # include <inttypes.h>
| #endif
| #ifdef HAVE_STDINT_H
| # include <stdint.h>
| #endif
| #ifdef HAVE_UNISTD_H
| # include <unistd.h>
| #endif
| int
| main ()
| {
| if (sizeof ((pid_t)))
| 	    return 0;
|   ;
|   return 0;
| }
configure:4749: result: yes
configure:4760: checking for size_t
configure:4760: gcc -c -g -O2  conftest.c >&5
configure:4760: $? = 0
configure:4760: gcc -c -g -O2  conftest.c >&5
conftest.c: In function 'main':
conftest.c:79: error: expected expression before ')' token
configure:4760: $? = 1
configure: failed program was:
| /* confdefs.h */
| #define PACKAGE_NAME "adb"
| #define PACKAGE_TARNAME "adb"
| #define PACKAGE_VERSION "4.2"
| #define PACKAGE_STRING "adb 4.2"
| #define PACKAGE_BUGREPORT "zhangn1985@gmail.com"
| #define PACKAGE_URL ""
| #define PACKAGE "adb"
| #define VERSION "4.2"
| #define HAVE_LIBCRYPTO 1
| #define HAVE_LIBDL 1
| #define HAVE_LIBPTHREAD 1
| #define HAVE_LIBRT 1
| #define HAVE_LIBZ 1
| #define STDC_HEADERS 1
| #define HAVE_SYS_TYPES_H 1
| #define HAVE_SYS_STAT_H 1
| #define HAVE_STDLIB_H 1
| #define HAVE_STRING_H 1
| #define HAVE_MEMORY_H 1
| #define HAVE_STRINGS_H 1
| #define HAVE_INTTYPES_H 1
| #define HAVE_STDINT_H 1
| #define HAVE_UNISTD_H 1
| #define HAVE_FCNTL_H 1
| #define HAVE_INTTYPES_H 1
| #define HAVE_LIMITS_H 1
| #define HAVE_NETDB_H 1
| #define HAVE_NETINET_IN_H 1
| #define HAVE_STDDEF_H 1
| #define HAVE_STDINT_H 1
| #define HAVE_STDLIB_H 1
| #define HAVE_STRING_H 1
| #define HAVE_SYS_IOCTL_H 1
| #define HAVE_SYS_MOUNT_H 1
| #define HAVE_SYS_SOCKET_H 1
| #define HAVE_SYS_TIME_H 1
| #define HAVE_TERMIOS_H 1
| #define HAVE_UNISTD_H 1
| #define HAVE__BOOL 1
| #define HAVE_STDBOOL_H 1
| /* end confdefs.h.  */
| #include <stdio.h>
| #ifdef HAVE_SYS_TYPES_H
| # include <sys/types.h>
| #endif
| #ifdef HAVE_SYS_STAT_H
| # include <sys/stat.h>
| #endif
| #ifdef STDC_HEADERS
| # include <stdlib.h>
| # include <stddef.h>
| #else
| # ifdef HAVE_STDLIB_H
| #  include <stdlib.h>
| # endif
| #endif
| #ifdef HAVE_STRING_H
| # if !defined STDC_HEADERS && defined HAVE_MEMORY_H
| #  include <memory.h>
| # endif
| # include <string.h>
| #endif
| #ifdef HAVE_STRINGS_H
| # include <strings.h>
| #endif
| #ifdef HAVE_INTTYPES_H
| # include <inttypes.h>
| #endif
| #ifdef HAVE_STDINT_H
| # include <stdint.h>
| #endif
| #ifdef HAVE_UNISTD_H
| # include <unistd.h>
| #endif
| int
| main ()
| {
| if (sizeof ((size_t)))
| 	    return 0;
|   ;
|   return 0;
| }
configure:4760: result: yes
configure:4771: checking for ssize_t
configure:4771: gcc -c -g -O2  conftest.c >&5
configure:4771: $? = 0
configure:4771: gcc -c -g -O2  conftest.c >&5
conftest.c: In function 'main':
conftest.c:79: error: expected expression before ')' token
configure:4771: $? = 1
configure: failed program was:
| /* confdefs.h */
| #define PACKAGE_NAME "adb"
| #define PACKAGE_TARNAME "adb"
| #define PACKAGE_VERSION "4.2"
| #define PACKAGE_STRING "adb 4.2"
| #define PACKAGE_BUGREPORT "zhangn1985@gmail.com"
| #define PACKAGE_URL ""
| #define PACKAGE "adb"
| #define VERSION "4.2"
| #define HAVE_LIBCRYPTO 1
| #define HAVE_LIBDL 1
| #define HAVE_LIBPTHREAD 1
| #define HAVE_LIBRT 1
| #define HAVE_LIBZ 1
| #define STDC_HEADERS 1
| #define HAVE_SYS_TYPES_H 1
| #define HAVE_SYS_STAT_H 1
| #define HAVE_STDLIB_H 1
| #define HAVE_STRING_H 1
| #define HAVE_MEMORY_H 1
| #define HAVE_STRINGS_H 1
| #define HAVE_INTTYPES_H 1
| #define HAVE_STDINT_H 1
| #define HAVE_UNISTD_H 1
| #define HAVE_FCNTL_H 1
| #define HAVE_INTTYPES_H 1
| #define HAVE_LIMITS_H 1
| #define HAVE_NETDB_H 1
| #define HAVE_NETINET_IN_H 1
| #define HAVE_STDDEF_H 1
| #define HAVE_STDINT_H 1
| #define HAVE_STDLIB_H 1
| #define HAVE_STRING_H 1
| #define HAVE_SYS_IOCTL_H 1
| #define HAVE_SYS_MOUNT_H 1
| #define HAVE_SYS_SOCKET_H 1
| #define HAVE_SYS_TIME_H 1
| #define HAVE_TERMIOS_H 1
| #define HAVE_UNISTD_H 1
| #define HAVE__BOOL 1
| #define HAVE_STDBOOL_H 1
| /* end confdefs.h.  */
| #include <stdio.h>
| #ifdef HAVE_SYS_TYPES_H
| # include <sys/types.h>
| #endif
| #ifdef HAVE_SYS_STAT_H
| # include <sys/stat.h>
| #endif
| #ifdef STDC_HEADERS
| # include <stdlib.h>
| # include <stddef.h>
| #else
| # ifdef HAVE_STDLIB_H
| #  include <stdlib.h>
| # endif
| #endif
| #ifdef HAVE_STRING_H
| # if !defined STDC_HEADERS && defined HAVE_MEMORY_H
| #  include <memory.h>
| # endif
| # include <string.h>
| #endif
| #ifdef HAVE_STRINGS_H
| # include <strings.h>
| #endif
| #ifdef HAVE_INTTYPES_H
| # include <inttypes.h>
| #endif
| #ifdef HAVE_STDINT_H
| # include <stdint.h>
| #endif
| #ifdef HAVE_UNISTD_H
| # include <unistd.h>
| #endif
| int
| main ()
| {
| if (sizeof ((ssize_t)))
| 	    return 0;
|   ;
|   return 0;
| }
configure:4771: result: yes
configure:4782: checking for struct stat.st_rdev
configure:4782: gcc -c -g -O2  conftest.c >&5
configure:4782: $? = 0
configure:4782: result: yes
configure:4792: checking for uint32_t
configure:4792: gcc -c -g -O2  conftest.c >&5
configure:4792: $? = 0
configure:4792: result: yes
configure:4806: checking for uint64_t
configure:4806: gcc -c -g -O2  conftest.c >&5
configure:4806: $? = 0
configure:4806: result: yes
configure:4820: checking for uint8_t
configure:4820: gcc -c -g -O2  conftest.c >&5
configure:4820: $? = 0
configure:4820: result: yes
configure:4834: checking for ptrdiff_t
configure:4834: gcc -c -g -O2  conftest.c >&5
configure:4834: $? = 0
configure:4834: gcc -c -g -O2  conftest.c >&5
conftest.c: In function 'main':
conftest.c:80: error: expected expression before ')' token
configure:4834: $? = 1
configure: failed program was:
| /* confdefs.h */
| #define PACKAGE_NAME "adb"
| #define PACKAGE_TARNAME "adb"
| #define PACKAGE_VERSION "4.2"
| #define PACKAGE_STRING "adb 4.2"
| #define PACKAGE_BUGREPORT "zhangn1985@gmail.com"
| #define PACKAGE_URL ""
| #define PACKAGE "adb"
| #define VERSION "4.2"
| #define HAVE_LIBCRYPTO 1
| #define HAVE_LIBDL 1
| #define HAVE_LIBPTHREAD 1
| #define HAVE_LIBRT 1
| #define HAVE_LIBZ 1
| #define STDC_HEADERS 1
| #define HAVE_SYS_TYPES_H 1
| #define HAVE_SYS_STAT_H 1
| #define HAVE_STDLIB_H 1
| #define HAVE_STRING_H 1
| #define HAVE_MEMORY_H 1
| #define HAVE_STRINGS_H 1
| #define HAVE_INTTYPES_H 1
| #define HAVE_STDINT_H 1
| #define HAVE_UNISTD_H 1
| #define HAVE_FCNTL_H 1
| #define HAVE_INTTYPES_H 1
| #define HAVE_LIMITS_H 1
| #define HAVE_NETDB_H 1
| #define HAVE_NETINET_IN_H 1
| #define HAVE_STDDEF_H 1
| #define HAVE_STDINT_H 1
| #define HAVE_STDLIB_H 1
| #define HAVE_STRING_H 1
| #define HAVE_SYS_IOCTL_H 1
| #define HAVE_SYS_MOUNT_H 1
| #define HAVE_SYS_SOCKET_H 1
| #define HAVE_SYS_TIME_H 1
| #define HAVE_TERMIOS_H 1
| #define HAVE_UNISTD_H 1
| #define HAVE__BOOL 1
| #define HAVE_STDBOOL_H 1
| #define HAVE_STRUCT_STAT_ST_RDEV 1
| /* end confdefs.h.  */
| #include <stdio.h>
| #ifdef HAVE_SYS_TYPES_H
| # include <sys/types.h>
| #endif
| #ifdef HAVE_SYS_STAT_H
| # include <sys/stat.h>
| #endif
| #ifdef STDC_HEADERS
| # include <stdlib.h>
| # include <stddef.h>
| #else
| # ifdef HAVE_STDLIB_H
| #  include <stdlib.h>
| # endif
| #endif
| #ifdef HAVE_STRING_H
| # if !defined STDC_HEADERS && defined HAVE_MEMORY_H
| #  include <memory.h>
| # endif
| # include <string.h>
| #endif
| #ifdef HAVE_STRINGS_H
| # include <strings.h>
| #endif
| #ifdef HAVE_INTTYPES_H
| # include <inttypes.h>
| #endif
| #ifdef HAVE_STDINT_H
| # include <stdint.h>
| #endif
| #ifdef HAVE_UNISTD_H
| # include <unistd.h>
| #endif
| int
| main ()
| {
| if (sizeof ((ptrdiff_t)))
| 	    return 0;
|   ;
|   return 0;
| }
configure:4834: result: yes
configure:4848: checking for working alloca.h
configure:4865: gcc -o conftest -g -O2   conftest.c -lz -lrt -lpthread -ldl -lcrypto  >&5
configure:4865: $? = 0
configure:4873: result: yes
configure:4881: checking for alloca
configure:4918: gcc -o conftest -g -O2   conftest.c -lz -lrt -lpthread -ldl -lcrypto  >&5
configure:4918: $? = 0
configure:4926: result: yes
configure:5037: checking vfork.h usability
configure:5037: gcc -c -g -O2  conftest.c >&5
conftest.c:80:19: error: vfork.h: No such file or directory
configure:5037: $? = 1
configure: failed program was:
| /* confdefs.h */
| #define PACKAGE_NAME "adb"
| #define PACKAGE_TARNAME "adb"
| #define PACKAGE_VERSION "4.2"
| #define PACKAGE_STRING "adb 4.2"
| #define PACKAGE_BUGREPORT "zhangn1985@gmail.com"
| #define PACKAGE_URL ""
| #define PACKAGE "adb"
| #define VERSION "4.2"
| #define HAVE_LIBCRYPTO 1
| #define HAVE_LIBDL 1
| #define HAVE_LIBPTHREAD 1
| #define HAVE_LIBRT 1
| #define HAVE_LIBZ 1
| #define STDC_HEADERS 1
| #define HAVE_SYS_TYPES_H 1
| #define HAVE_SYS_STAT_H 1
| #define HAVE_STDLIB_H 1
| #define HAVE_STRING_H 1
| #define HAVE_MEMORY_H 1
| #define HAVE_STRINGS_H 1
| #define HAVE_INTTYPES_H 1
| #define HAVE_STDINT_H 1
| #define HAVE_UNISTD_H 1
| #define HAVE_FCNTL_H 1
| #define HAVE_INTTYPES_H 1
| #define HAVE_LIMITS_H 1
| #define HAVE_NETDB_H 1
| #define HAVE_NETINET_IN_H 1
| #define HAVE_STDDEF_H 1
| #define HAVE_STDINT_H 1
| #define HAVE_STDLIB_H 1
| #define HAVE_STRING_H 1
| #define HAVE_SYS_IOCTL_H 1
| #define HAVE_SYS_MOUNT_H 1
| #define HAVE_SYS_SOCKET_H 1
| #define HAVE_SYS_TIME_H 1
| #define HAVE_TERMIOS_H 1
| #define HAVE_UNISTD_H 1
| #define HAVE__BOOL 1
| #define HAVE_STDBOOL_H 1
| #define HAVE_STRUCT_STAT_ST_RDEV 1
| #define HAVE_PTRDIFF_T 1
| #define HAVE_ALLOCA_H 1
| #define HAVE_ALLOCA 1
| /* end confdefs.h.  */
| #include <stdio.h>
| #ifdef HAVE_SYS_TYPES_H
| # include <sys/types.h>
| #endif
| #ifdef HAVE_SYS_STAT_H
| # include <sys/stat.h>
| #endif
| #ifdef STDC_HEADERS
| # include <stdlib.h>
| # include <stddef.h>
| #else
| # ifdef HAVE_STDLIB_H
| #  include <stdlib.h>
| # endif
| #endif
| #ifdef HAVE_STRING_H
| # if !defined STDC_HEADERS && defined HAVE_MEMORY_H
| #  include <memory.h>
| # endif
| # include <string.h>
| #endif
| #ifdef HAVE_STRINGS_H
| # include <strings.h>
| #endif
| #ifdef HAVE_INTTYPES_H
| # include <inttypes.h>
| #endif
| #ifdef HAVE_STDINT_H
| # include <stdint.h>
| #endif
| #ifdef HAVE_UNISTD_H
| # include <unistd.h>
| #endif
| #include <vfork.h>
configure:5037: result: no
configure:5037: checking vfork.h presence
configure:5037: gcc -E  conftest.c
conftest.c:47:19: error: vfork.h: No such file or directory
configure:5037: $? = 1
configure: failed program was:
| /* confdefs.h */
| #define PACKAGE_NAME "adb"
| #define PACKAGE_TARNAME "adb"
| #define PACKAGE_VERSION "4.2"
| #define PACKAGE_STRING "adb 4.2"
| #define PACKAGE_BUGREPORT "zhangn1985@gmail.com"
| #define PACKAGE_URL ""
| #define PACKAGE "adb"
| #define VERSION "4.2"
| #define HAVE_LIBCRYPTO 1
| #define HAVE_LIBDL 1
| #define HAVE_LIBPTHREAD 1
| #define HAVE_LIBRT 1
| #define HAVE_LIBZ 1
| #define STDC_HEADERS 1
| #define HAVE_SYS_TYPES_H 1
| #define HAVE_SYS_STAT_H 1
| #define HAVE_STDLIB_H 1
| #define HAVE_STRING_H 1
| #define HAVE_MEMORY_H 1
| #define HAVE_STRINGS_H 1
| #define HAVE_INTTYPES_H 1
| #define HAVE_STDINT_H 1
| #define HAVE_UNISTD_H 1
| #define HAVE_FCNTL_H 1
| #define HAVE_INTTYPES_H 1
| #define HAVE_LIMITS_H 1
| #define HAVE_NETDB_H 1
| #define HAVE_NETINET_IN_H 1
| #define HAVE_STDDEF_H 1
| #define HAVE_STDINT_H 1
| #define HAVE_STDLIB_H 1
| #define HAVE_STRING_H 1
| #define HAVE_SYS_IOCTL_H 1
| #define HAVE_SYS_MOUNT_H 1
| #define HAVE_SYS_SOCKET_H 1
| #define HAVE_SYS_TIME_H 1
| #define HAVE_TERMIOS_H 1
| #define HAVE_UNISTD_H 1
| #define HAVE__BOOL 1
| #define HAVE_STDBOOL_H 1
| #define HAVE_STRUCT_STAT_ST_RDEV 1
| #define HAVE_PTRDIFF_T 1
| #define HAVE_ALLOCA_H 1
| #define HAVE_ALLOCA 1
| /* end confdefs.h.  */
| #include <vfork.h>
configure:5037: result: no
configure:5037: checking for vfork.h
configure:5037: result: no
configure:5050: checking for fork
configure:5050: gcc -o conftest -g -O2   conftest.c -lz -lrt -lpthread -ldl -lcrypto  >&5
conftest.c:70: warning: conflicting types for built-in function 'fork'
configure:5050: $? = 0
configure:5050: result: yes
configure:5050: checking for vfork
configure:5050: gcc -o conftest -g -O2   conftest.c -lz -lrt -lpthread -ldl -lcrypto  >&5
configure:5050: $? = 0
configure:5050: result: yes
configure:5060: checking for working fork
configure:5082: gcc -o conftest -g -O2   conftest.c -lz -lrt -lpthread -ldl -lcrypto  >&5
configure:5082: $? = 0
configure:5082: ./conftest
configure:5082: $? = 0
configure:5092: result: yes
configure:5113: checking for working vfork
configure:5223: result: yes
configure:5248: checking whether lstat correctly handles trailing slash
configure:5274: gcc -o conftest -g -O2   conftest.c -lz -lrt -lpthread -ldl -lcrypto  >&5
configure:5274: $? = 0
configure:5274: ./conftest
configure:5274: $? = 0
configure:5291: result: yes
configure:5310: checking whether sys/types.h defines makedev
configure:5326: gcc -o conftest -g -O2   conftest.c -lz -lrt -lpthread -ldl -lcrypto  >&5
configure:5326: $? = 0
configure:5335: result: yes
configure:5362: checking for stdlib.h
configure:5362: result: yes
configure:5372: checking for GNU libc compatible malloc
configure:5396: gcc -o conftest -g -O2   conftest.c -lz -lrt -lpthread -ldl -lcrypto  >&5
configure:5396: $? = 0
configure:5396: ./conftest
configure:5396: $? = 0
configure:5406: result: yes
configure:5429: checking for stdlib.h
configure:5429: result: yes
configure:5439: checking for GNU libc compatible realloc
configure:5463: gcc -o conftest -g -O2   conftest.c -lz -lrt -lpthread -ldl -lcrypto  >&5
configure:5463: $? = 0
configure:5463: ./conftest
configure:5463: $? = 0
configure:5473: result: yes
configure:5497: checking for atexit
configure:5497: gcc -o conftest -g -O2   conftest.c -lz -lrt -lpthread -ldl -lcrypto  >&5
configure:5497: $? = 0
configure:5497: result: yes
configure:5497: checking for dup2
configure:5497: gcc -o conftest -g -O2   conftest.c -lz -lrt -lpthread -ldl -lcrypto  >&5
configure:5497: $? = 0
configure:5497: result: yes
configure:5497: checking for getcwd
configure:5497: gcc -o conftest -g -O2   conftest.c -lz -lrt -lpthread -ldl -lcrypto  >&5
configure:5497: $? = 0
configure:5497: result: yes
configure:5497: checking for gethostbyname
configure:5497: gcc -o conftest -g -O2   conftest.c -lz -lrt -lpthread -ldl -lcrypto  >&5
configure:5497: $? = 0
configure:5497: result: yes
configure:5497: checking for gethostname
configure:5497: gcc -o conftest -g -O2   conftest.c -lz -lrt -lpthread -ldl -lcrypto  >&5
configure:5497: $? = 0
configure:5497: result: yes
configure:5497: checking for gettimeofday
configure:5497: gcc -o conftest -g -O2   conftest.c -lz -lrt -lpthread -ldl -lcrypto  >&5
configure:5497: $? = 0
configure:5497: result: yes
configure:5497: checking for localtime_r
configure:5497: gcc -o conftest -g -O2   conftest.c -lz -lrt -lpthread -ldl -lcrypto  >&5
configure:5497: $? = 0
configure:5497: result: yes
configure:5497: checking for memset
configure:5497: gcc -o conftest -g -O2   conftest.c -lz -lrt -lpthread -ldl -lcrypto  >&5
conftest.c:86: warning: conflicting types for built-in function 'memset'
configure:5497: $? = 0
configure:5497: result: yes
configure:5497: checking for mkdir
configure:5497: gcc -o conftest -g -O2   conftest.c -lz -lrt -lpthread -ldl -lcrypto  >&5
configure:5497: $? = 0
configure:5497: result: yes
configure:5497: checking for select
configure:5497: gcc -o conftest -g -O2   conftest.c -lz -lrt -lpthread -ldl -lcrypto  >&5
configure:5497: $? = 0
configure:5497: result: yes
configure:5497: checking for setenv
configure:5497: gcc -o conftest -g -O2   conftest.c -lz -lrt -lpthread -ldl -lcrypto  >&5
configure:5497: $? = 0
configure:5497: result: yes
configure:5497: checking for socket
configure:5497: gcc -o conftest -g -O2   conftest.c -lz -lrt -lpthread -ldl -lcrypto  >&5
configure:5497: $? = 0
configure:5497: result: yes
configure:5497: checking for strchr
configure:5497: gcc -o conftest -g -O2   conftest.c -lz -lrt -lpthread -ldl -lcrypto  >&5
conftest.c:91: warning: conflicting types for built-in function 'strchr'
configure:5497: $? = 0
configure:5497: result: yes
configure:5497: checking for strdup
configure:5497: gcc -o conftest -g -O2   conftest.c -lz -lrt -lpthread -ldl -lcrypto  >&5
conftest.c:92: warning: conflicting types for built-in function 'strdup'
configure:5497: $? = 0
configure:5497: result: yes
configure:5497: checking for strerror
configure:5497: gcc -o conftest -g -O2   conftest.c -lz -lrt -lpthread -ldl -lcrypto  >&5
configure:5497: $? = 0
configure:5497: result: yes
configure:5497: checking for strpbrk
configure:5497: gcc -o conftest -g -O2   conftest.c -lz -lrt -lpthread -ldl -lcrypto  >&5
conftest.c:94: warning: conflicting types for built-in function 'strpbrk'
configure:5497: $? = 0
configure:5497: result: yes
configure:5497: checking for strrchr
configure:5497: gcc -o conftest -g -O2   conftest.c -lz -lrt -lpthread -ldl -lcrypto  >&5
conftest.c:95: warning: conflicting types for built-in function 'strrchr'
configure:5497: $? = 0
configure:5497: result: yes
configure:5497: checking for strtol
configure:5497: gcc -o conftest -g -O2   conftest.c -lz -lrt -lpthread -ldl -lcrypto  >&5
configure:5497: $? = 0
configure:5497: result: yes
configure:5497: checking for strtoul
configure:5497: gcc -o conftest -g -O2   conftest.c -lz -lrt -lpthread -ldl -lcrypto  >&5
configure:5497: $? = 0
configure:5497: result: yes
configure:5497: checking for tzset
configure:5497: gcc -o conftest -g -O2   conftest.c -lz -lrt -lpthread -ldl -lcrypto  >&5
configure:5497: $? = 0
configure:5497: result: yes
configure:5628: creating ./config.status

## ---------------- ##
## Cache variables. ##
## ---------------- ##

ac_cv_c_compiler_gnu=yes
ac_cv_c_inline=inline
ac_cv_c_int64_t=yes
ac_cv_c_uint32_t=yes
ac_cv_c_uint64_t=yes
ac_cv_c_uint8_t=yes
ac_cv_env_CC_set=
ac_cv_env_CC_value=
ac_cv_env_CFLAGS_set=
ac_cv_env_CFLAGS_value=
ac_cv_env_CPPFLAGS_set=
ac_cv_env_CPPFLAGS_value=
ac_cv_env_CPP_set=
ac_cv_env_CPP_value=
ac_cv_env_LDFLAGS_set=
ac_cv_env_LDFLAGS_value=
ac_cv_env_LIBS_set=
ac_cv_env_LIBS_value=
ac_cv_env_build_alias_set=
ac_cv_env_build_alias_value=
ac_cv_env_host_alias_set=
ac_cv_env_host_alias_value=
ac_cv_env_target_alias_set=
ac_cv_env_target_alias_value=
ac_cv_func_alloca_works=yes
ac_cv_func_atexit=yes
ac_cv_func_dup2=yes
ac_cv_func_fork=yes
ac_cv_func_fork_works=yes
ac_cv_func_getcwd=yes
ac_cv_func_gethostbyname=yes
ac_cv_func_gethostname=yes
ac_cv_func_gettimeofday=yes
ac_cv_func_localtime_r=yes
ac_cv_func_lstat_dereferences_slashed_symlink=yes
ac_cv_func_malloc_0_nonnull=yes
ac_cv_func_memset=yes
ac_cv_func_mkdir=yes
ac_cv_func_realloc_0_nonnull=yes
ac_cv_func_select=yes
ac_cv_func_setenv=yes
ac_cv_func_socket=yes
ac_cv_func_strchr=yes
ac_cv_func_strdup=yes
ac_cv_func_strerror=yes
ac_cv_func_strpbrk=yes
ac_cv_func_strrchr=yes
ac_cv_func_strtol=yes
ac_cv_func_strtoul=yes
ac_cv_func_tzset=yes
ac_cv_func_vfork=yes
ac_cv_func_vfork_works=yes
ac_cv_header_fcntl_h=yes
ac_cv_header_inttypes_h=yes
ac_cv_header_limits_h=yes
ac_cv_header_memory_h=yes
ac_cv_header_netdb_h=yes
ac_cv_header_netinet_in_h=yes
ac_cv_header_stdbool_h=yes
ac_cv_header_stdc=yes
ac_cv_header_stddef_h=yes
ac_cv_header_stdint_h=yes
ac_cv_header_stdlib_h=yes
ac_cv_header_string_h=yes
ac_cv_header_strings_h=yes
ac_cv_header_sys_ioctl_h=yes
ac_cv_header_sys_mount_h=yes
ac_cv_header_sys_socket_h=yes
ac_cv_header_sys_stat_h=yes
ac_cv_header_sys_time_h=yes
ac_cv_header_sys_types_h=yes
ac_cv_header_sys_types_h_makedev=yes
ac_cv_header_termios_h=yes
ac_cv_header_unistd_h=yes
ac_cv_header_vfork_h=no
ac_cv_lib_crypto_main=yes
ac_cv_lib_dl_main=yes
ac_cv_lib_pthread_main=yes
ac_cv_lib_rt_main=yes
ac_cv_lib_z_main=yes
ac_cv_member_struct_stat_st_rdev=yes
ac_cv_objext=o
ac_cv_path_EGREP='/bin/grep -E'
ac_cv_path_GREP=/bin/grep
ac_cv_path_install='/usr/bin/install -c'
ac_cv_path_mkdir=/bin/mkdir
ac_cv_prog_AWK=mawk
ac_cv_prog_CPP='gcc -E'
ac_cv_prog_ac_ct_CC=gcc
ac_cv_prog_ac_ct_RANLIB=ranlib
ac_cv_prog_cc_c89=
ac_cv_prog_cc_g=yes
ac_cv_prog_make_make_set=yes
ac_cv_type__Bool=yes
ac_cv_type_mode_t=yes
ac_cv_type_pid_t=yes
ac_cv_type_ptrdiff_t=yes
ac_cv_type_size_t=yes
ac_cv_type_ssize_t=yes
ac_cv_type_uid_t=yes
ac_cv_working_alloca_h=yes
am_cv_CC_dependencies_compiler_type=gcc3

## ----------------- ##
## Output variables. ##
## ----------------- ##

ACLOCAL='${SHELL} /home/zhangn1985/adb/missing --run aclocal-1.11'
ALLOCA=''
AMDEPBACKSLASH='\'
AMDEP_FALSE='#'
AMDEP_TRUE=''
AMTAR='${SHELL} /home/zhangn1985/adb/missing --run tar'
AUTOCONF='${SHELL} /home/zhangn1985/adb/missing --run autoconf'
AUTOHEADER='${SHELL} /home/zhangn1985/adb/missing --run autoheader'
AUTOMAKE='${SHELL} /home/zhangn1985/adb/missing --run automake-1.11'
AWK='mawk'
CC='gcc'
CCDEPMODE='depmode=gcc3'
CFLAGS='-g -O2'
CPP='gcc -E'
CPPFLAGS=''
CYGPATH_W='echo'
DEFS='-DHAVE_CONFIG_H'
DEPDIR='.deps'
ECHO_C=''
ECHO_N='-n'
ECHO_T=''
EGREP='/bin/grep -E'
EXEEXT=''
GREP='/bin/grep'
INSTALL_DATA='${INSTALL} -m 644'
INSTALL_PROGRAM='${INSTALL}'
INSTALL_SCRIPT='${INSTALL}'
INSTALL_STRIP_PROGRAM='$(install_sh) -c -s'
LDFLAGS=''
LIBOBJS=''
LIBS='-lz -lrt -lpthread -ldl -lcrypto '
LTLIBOBJS=''
MAKEINFO='${SHELL} /home/zhangn1985/adb/missing --run makeinfo'
MKDIR_P='/bin/mkdir -p'
OBJEXT='o'
PACKAGE='adb'
PACKAGE_BUGREPORT='zhangn1985@gmail.com'
PACKAGE_NAME='adb'
PACKAGE_STRING='adb 4.2'
PACKAGE_TARNAME='adb'
PACKAGE_URL=''
PACKAGE_VERSION='4.2'
PATH_SEPARATOR=':'
RANLIB='ranlib'
SET_MAKE=''
SHELL='/bin/bash'
STRIP=''
VERSION='4.2'
ac_ct_CC='gcc'
am__EXEEXT_FALSE=''
am__EXEEXT_TRUE='#'
am__fastdepCC_FALSE='#'
am__fastdepCC_TRUE=''
am__include='include'
am__isrc=''
am__leading_dot='.'
am__quote=''
am__tar='${AMTAR} chof - "$$tardir"'
am__untar='${AMTAR} xf -'
bindir='${exec_prefix}/bin'
build_alias=''
datadir='${datarootdir}'
datarootdir='${prefix}/share'
docdir='${datarootdir}/doc/${PACKAGE_TARNAME}'
dvidir='${docdir}'
exec_prefix='${prefix}'
host_alias=''
htmldir='${docdir}'
includedir='${prefix}/include'
infodir='${datarootdir}/info'
install_sh='${SHELL} /home/zhangn1985/adb/install-sh'
libdir='${exec_prefix}/lib'
libexecdir='${exec_prefix}/libexec'
localedir='${datarootdir}/locale'
localstatedir='${prefix}/var'
mandir='${datarootdir}/man'
mkdir_p='/bin/mkdir -p'
oldincludedir='/usr/include'
pdfdir='${docdir}'
prefix='/usr/local'
program_transform_name='s,x,x,'
psdir='${docdir}'
sbindir='${exec_prefix}/sbin'
sharedstatedir='${prefix}/com'
sysconfdir='${prefix}/etc'
target_alias=''

## ----------- ##
## confdefs.h. ##
## ----------- ##

/* confdefs.h */
#define PACKAGE_NAME "adb"
#define PACKAGE_TARNAME "adb"
#define PACKAGE_VERSION "4.2"
#define PACKAGE_STRING "adb 4.2"
#define PACKAGE_BUGREPORT "zhangn1985@gmail.com"
#define PACKAGE_URL ""
#define PACKAGE "adb"
#define VERSION "4.2"
#define HAVE_LIBCRYPTO 1
#define HAVE_LIBDL 1
#define HAVE_LIBPTHREAD 1
#define HAVE_LIBRT 1
#define HAVE_LIBZ 1
#define STDC_HEADERS 1
#define HAVE_SYS_TYPES_H 1
#define HAVE_SYS_STAT_H 1
#define HAVE_STDLIB_H 1
#define HAVE_STRING_H 1
#define HAVE_MEMORY_H 1
#define HAVE_STRINGS_H 1
#define HAVE_INTTYPES_H 1
#define HAVE_STDINT_H 1
#define HAVE_UNISTD_H 1
#define HAVE_FCNTL_H 1
#define HAVE_INTTYPES_H 1
#define HAVE_LIMITS_H 1
#define HAVE_NETDB_H 1
#define HAVE_NETINET_IN_H 1
#define HAVE_STDDEF_H 1
#define HAVE_STDINT_H 1
#define HAVE_STDLIB_H 1
#define HAVE_STRING_H 1
#define HAVE_SYS_IOCTL_H 1
#define HAVE_SYS_MOUNT_H 1
#define HAVE_SYS_SOCKET_H 1
#define HAVE_SYS_TIME_H 1
#define HAVE_TERMIOS_H 1
#define HAVE_UNISTD_H 1
#define HAVE__BOOL 1
#define HAVE_STDBOOL_H 1
#define HAVE_STRUCT_STAT_ST_RDEV 1
#define HAVE_PTRDIFF_T 1
#define HAVE_ALLOCA_H 1
#define HAVE_ALLOCA 1
#define HAVE_FORK 1
#define HAVE_VFORK 1
#define HAVE_WORKING_VFORK 1
#define HAVE_WORKING_FORK 1
#define LSTAT_FOLLOWS_SLASHED_SYMLINK 1
#define HAVE_STDLIB_H 1
#define HAVE_MALLOC 1
#define HAVE_STDLIB_H 1
#define HAVE_REALLOC 1
#define HAVE_ATEXIT 1
#define HAVE_DUP2 1
#define HAVE_GETCWD 1
#define HAVE_GETHOSTBYNAME 1
#define HAVE_GETHOSTNAME 1
#define HAVE_GETTIMEOFDAY 1
#define HAVE_LOCALTIME_R 1
#define HAVE_MEMSET 1
#define HAVE_MKDIR 1
#define HAVE_SELECT 1
#define HAVE_SETENV 1
#define HAVE_SOCKET 1
#define HAVE_STRCHR 1
#define HAVE_STRDUP 1
#define HAVE_STRERROR 1
#define HAVE_STRPBRK 1
#define HAVE_STRRCHR 1
#define HAVE_STRTOL 1
#define HAVE_STRTOUL 1
#define HAVE_TZSET 1

configure: exit 0

## ---------------------- ##
## Running config.status. ##
## ---------------------- ##

This file was extended by adb config.status 4.2, which was
generated by GNU Autoconf 2.67.  Invocation command line was

  CONFIG_FILES    = 
  CONFIG_HEADERS  = 
  CONFIG_LINKS    = 
  CONFIG_COMMANDS = 
  $ ./config.status 

on zhang-debian

config.status:916: creating Makefile
config.status:916: creating hostadb/Makefile
config.status:916: creating libcutils/Makefile
config.status:916: creating libzipfile/Makefile
config.status:916: creating config.h
config.status:1096: config.h is unchanged
config.status:1144: executing depfiles commands

## ---------------------- ##
## Running config.status. ##
## ---------------------- ##

This file was extended by adb config.status 4.2, which was
generated by GNU Autoconf 2.67.  Invocation command line was

  CONFIG_FILES    = 
  CONFIG_HEADERS  = 
  CONFIG_LINKS    = 
  CONFIG_COMMANDS = 
  $ ./config.status config.h

on zhang-debian

config.status:916: creating config.h
config.status:1096: config.h is unchanged
